This file contains any messages produced by compilers while
running configure, to aid debugging if configure makes a mistake.

It was created by dplpmtud configure 1.0, which was
generated by GNU Autoconf 2.69.  Invocation command line was

  $ ./configure --no-create --no-recursion

## --------- ##
## Platform. ##
## --------- ##

hostname = bsdhead2
uname -m = amd64
uname -r = 12.0-CURRENT
uname -s = FreeBSD
uname -v = FreeBSD 12.0-CURRENT #1 r333358: Tue May  8 12:16:53 CEST 2018     root@bsdhead2:/usr/obj/usr/src/amd64.amd64/sys/GENERIC 

/usr/bin/uname -p = amd64
/bin/uname -X     = unknown

/bin/arch              = unknown
/usr/bin/arch -k       = unknown
/usr/convex/getsysinfo = unknown
/usr/bin/hostinfo      = unknown
/bin/machine           = unknown
/usr/bin/oslevel       = unknown
/bin/universe          = unknown

PATH: /sbin
PATH: /bin
PATH: /usr/sbin
PATH: /usr/bin
PATH: /usr/local/sbin
PATH: /usr/local/bin
PATH: /home/msvoelker/bin


## ----------- ##
## Core tests. ##
## ----------- ##

configure:1851: checking for a BSD-compatible install
configure:1919: result: /usr/bin/install -c
configure:1930: checking whether build environment is sane
configure:1985: result: yes
configure:2136: checking for a thread-safe mkdir -p
configure:2175: result: ./install-sh -c -d
configure:2182: checking for gawk
configure:2212: result: no
configure:2182: checking for mawk
configure:2212: result: no
configure:2182: checking for nawk
configure:2198: found /usr/bin/nawk
configure:2209: result: nawk
configure:2220: checking whether make sets $(MAKE)
configure:2242: result: yes
configure:2271: checking whether make supports nested variables
configure:2288: result: yes
configure:2462: checking for gcc
configure:2492: result: no
configure:2555: checking for cc
configure:2576: found /usr/bin/cc
configure:2599: result: cc
configure:2718: checking for C compiler version
configure:2727: cc --version >&5
FreeBSD clang version 6.0.0 (tags/RELEASE_600/final 326565) (based on LLVM 6.0.0)
Target: x86_64-unknown-freebsd12.0
Thread model: posix
InstalledDir: /usr/bin
configure:2738: $? = 0
configure:2727: cc -v >&5
FreeBSD clang version 6.0.0 (tags/RELEASE_600/final 326565) (based on LLVM 6.0.0)
Target: x86_64-unknown-freebsd12.0
Thread model: posix
InstalledDir: /usr/bin
configure:2738: $? = 0
configure:2727: cc -V >&5
cc: error: argument to '-V' is missing (expected 1 value)
cc: error: no input files
configure:2738: $? = 1
configure:2727: cc -qversion >&5
cc: error: unknown argument: '-qversion'
cc: error: no input files
configure:2738: $? = 1
configure:2758: checking whether the C compiler works
configure:2780: cc    conftest.c  >&5
configure:2784: $? = 0
configure:2832: result: yes
configure:2835: checking for C compiler default output file name
configure:2837: result: a.out
configure:2843: checking for suffix of executables
configure:2850: cc -o conftest    conftest.c  >&5
configure:2854: $? = 0
configure:2876: result: 
configure:2898: checking whether we are cross compiling
configure:2906: cc -o conftest    conftest.c  >&5
configure:2910: $? = 0
configure:2917: ./conftest
configure:2921: $? = 0
configure:2936: result: no
configure:2941: checking for suffix of object files
configure:2963: cc -c   conftest.c >&5
configure:2967: $? = 0
configure:2988: result: o
configure:2992: checking whether we are using the GNU C compiler
configure:3011: cc -c   conftest.c >&5
configure:3011: $? = 0
configure:3020: result: yes
configure:3029: checking whether cc accepts -g
configure:3049: cc -c -g  conftest.c >&5
configure:3049: $? = 0
configure:3090: result: yes
configure:3107: checking for cc option to accept ISO C89
configure:3170: cc  -c -g -O2  conftest.c >&5
configure:3170: $? = 0
configure:3183: result: none needed
configure:3208: checking whether cc understands -c and -o together
configure:3230: cc -c conftest.c -o conftest2.o
configure:3233: $? = 0
configure:3230: cc -c conftest.c -o conftest2.o
configure:3233: $? = 0
configure:3245: result: yes
configure:3273: checking for style of include used by make
configure:3301: result: GNU
configure:3327: checking dependency style of cc
configure:3438: result: gcc3
configure:3461: checking build system type
configure:3475: result: x86_64-unknown-freebsd12.0
configure:3495: checking host system type
configure:3508: result: x86_64-unknown-freebsd12.0
configure:3698: checking that generated files are newer than configure
configure:3704: result: done
configure:3743: creating ./config.status

## ---------------- ##
## Cache variables. ##
## ---------------- ##

ac_cv_build=x86_64-unknown-freebsd12.0
ac_cv_c_compiler_gnu=yes
ac_cv_env_CC_set=''
ac_cv_env_CC_value=''
ac_cv_env_CFLAGS_set=''
ac_cv_env_CFLAGS_value=''
ac_cv_env_CPPFLAGS_set=''
ac_cv_env_CPPFLAGS_value=''
ac_cv_env_LDFLAGS_set=''
ac_cv_env_LDFLAGS_value=''
ac_cv_env_LIBS_set=''
ac_cv_env_LIBS_value=''
ac_cv_env_build_alias_set=''
ac_cv_env_build_alias_value=''
ac_cv_env_host_alias_set=''
ac_cv_env_host_alias_value=''
ac_cv_env_target_alias_set=''
ac_cv_env_target_alias_value=''
ac_cv_host=x86_64-unknown-freebsd12.0
ac_cv_objext=o
ac_cv_path_install='/usr/bin/install -c'
ac_cv_prog_AWK=nawk
ac_cv_prog_CC=cc
ac_cv_prog_cc_c89=''
ac_cv_prog_cc_g=yes
ac_cv_prog_make_make_set=yes
am_cv_CC_dependencies_compiler_type=gcc3
am_cv_make_support_nested_variables=yes
am_cv_prog_cc_c_o=yes

## ----------------- ##
## Output variables. ##
## ----------------- ##

ACLOCAL='${SHELL} /usr/home/msvoelker/src/dplpmtud/missing aclocal-1.15'
AMDEPBACKSLASH='\'
AMDEP_FALSE='#'
AMDEP_TRUE=''
AMTAR='$${TAR-tar}'
AM_BACKSLASH='\'
AM_DEFAULT_V='$(AM_DEFAULT_VERBOSITY)'
AM_DEFAULT_VERBOSITY='1'
AM_V='$(V)'
AUTOCONF='${SHELL} /usr/home/msvoelker/src/dplpmtud/missing autoconf'
AUTOHEADER='${SHELL} /usr/home/msvoelker/src/dplpmtud/missing autoheader'
AUTOMAKE='${SHELL} /usr/home/msvoelker/src/dplpmtud/missing automake-1.15'
AWK='nawk'
CC='cc'
CCDEPMODE='depmode=gcc3'
CFLAGS='-g -O2'
CPPFLAGS=''
CYGPATH_W='echo'
DEFS='-DHAVE_CONFIG_H'
DEPDIR='.deps'
ECHO_C=''
ECHO_N='-n'
ECHO_T=''
EXEEXT=''
FREEBSD_FALSE='#'
FREEBSD_TRUE=''
INSTALL_DATA='${INSTALL} -m 644'
INSTALL_PROGRAM='${INSTALL}'
INSTALL_SCRIPT='${INSTALL}'
INSTALL_STRIP_PROGRAM='$(install_sh) -c -s'
LDFLAGS=''
LIBOBJS=''
LIBS=''
LINUX_FALSE=''
LINUX_TRUE='#'
LTLIBOBJS=''
MAKEINFO='${SHELL} /usr/home/msvoelker/src/dplpmtud/missing makeinfo'
MKDIR_P='./install-sh -c -d'
OBJEXT='o'
OSX_FALSE=''
OSX_TRUE='#'
PACKAGE='dplpmtud'
PACKAGE_BUGREPORT='timo.voelker@fh-muenster.de'
PACKAGE_NAME='dplpmtud'
PACKAGE_STRING='dplpmtud 1.0'
PACKAGE_TARNAME='dplpmtud'
PACKAGE_URL=''
PACKAGE_VERSION='1.0'
PATH_SEPARATOR=':'
SET_MAKE=''
SHELL='/bin/sh'
STRIP=''
VERSION='1.0'
WINDOWS_FALSE=''
WINDOWS_TRUE='#'
ac_ct_CC=''
am__EXEEXT_FALSE=''
am__EXEEXT_TRUE='#'
am__fastdepCC_FALSE='#'
am__fastdepCC_TRUE=''
am__include='include'
am__isrc=''
am__leading_dot='.'
am__nodep='_no'
am__quote=''
am__tar='$${TAR-tar} chof - "$$tardir"'
am__untar='$${TAR-tar} xf -'
bindir='${exec_prefix}/bin'
build='x86_64-unknown-freebsd12.0'
build_alias=''
build_cpu='x86_64'
build_os='freebsd12.0'
build_vendor='unknown'
datadir='${datarootdir}'
datarootdir='${prefix}/share'
docdir='${datarootdir}/doc/${PACKAGE_TARNAME}'
dvidir='${docdir}'
exec_prefix='${prefix}'
host='x86_64-unknown-freebsd12.0'
host_alias=''
host_cpu='x86_64'
host_os='freebsd12.0'
host_vendor='unknown'
htmldir='${docdir}'
includedir='${prefix}/include'
infodir='${datarootdir}/info'
install_sh='${SHELL} /usr/home/msvoelker/src/dplpmtud/install-sh'
libdir='${exec_prefix}/lib'
libexecdir='${exec_prefix}/libexec'
localedir='${datarootdir}/locale'
localstatedir='${prefix}/var'
mandir='${datarootdir}/man'
mkdir_p='$(MKDIR_P)'
oldincludedir='/usr/include'
pdfdir='${docdir}'
prefix='/usr/local'
program_transform_name='s,x,x,'
psdir='${docdir}'
sbindir='${exec_prefix}/sbin'
sharedstatedir='${prefix}/com'
sysconfdir='${prefix}/etc'
target_alias=''

## ----------- ##
## confdefs.h. ##
## ----------- ##

/* confdefs.h */
#define PACKAGE_NAME "dplpmtud"
#define PACKAGE_TARNAME "dplpmtud"
#define PACKAGE_VERSION "1.0"
#define PACKAGE_STRING "dplpmtud 1.0"
#define PACKAGE_BUGREPORT "timo.voelker@fh-muenster.de"
#define PACKAGE_URL ""
#define PACKAGE "dplpmtud"
#define VERSION "1.0"

configure: exit 0
<<<<<<< HEAD

## ---------------------- ##
## Running config.status. ##
## ---------------------- ##

This file was extended by dplpmtud config.status 1.0, which was
generated by GNU Autoconf 2.69.  Invocation command line was

  CONFIG_FILES    = 
  CONFIG_HEADERS  = 
  CONFIG_LINKS    = 
  CONFIG_COMMANDS = 
  $ ./config.status config.h

on bsdhead2

config.status:856: creating config.h
config.status:1037: config.h is unchanged

## ---------------------- ##
## Running config.status. ##
## ---------------------- ##

This file was extended by dplpmtud config.status 1.0, which was
generated by GNU Autoconf 2.69.  Invocation command line was

  CONFIG_FILES    = 
  CONFIG_HEADERS  = 
  CONFIG_LINKS    = 
  CONFIG_COMMANDS = 
  $ ./config.status 

on bsdhead2

config.status:856: creating Makefile
config.status:856: creating src/Makefile
config.status:856: creating config.h
config.status:1037: config.h is unchanged
config.status:1085: executing depfiles commands

## ---------------------- ##
## Running config.status. ##
## ---------------------- ##

This file was extended by dplpmtud config.status 1.0, which was
generated by GNU Autoconf 2.69.  Invocation command line was

  CONFIG_FILES    = 
  CONFIG_HEADERS  = 
  CONFIG_LINKS    = 
  CONFIG_COMMANDS = 
  $ ./config.status config.h

on bsdhead2

config.status:856: creating config.h
config.status:1037: config.h is unchanged

## ---------------------- ##
## Running config.status. ##
## ---------------------- ##

This file was extended by dplpmtud config.status 1.0, which was
generated by GNU Autoconf 2.69.  Invocation command line was

  CONFIG_FILES    = 
  CONFIG_HEADERS  = 
  CONFIG_LINKS    = 
  CONFIG_COMMANDS = 
  $ ./config.status src/Makefile depfiles

on bsdhead2

config.status:856: creating src/Makefile
config.status:1085: executing depfiles commands
=======
>>>>>>> master
